#
# There is insufficient memory for the Java Runtime Environment to continue.
# Native memory allocation (malloc) failed to allocate 1973680 bytes for Chunk::new
# Possible reasons:
#   The system is out of physical RAM or swap space
#   The process is running with CompressedOops enabled, and the Java Heap may be blocking the growth of the native heap
# Possible solutions:
#   Reduce memory load on the system
#   Increase physical memory or swap space
#   Check if swap backing store is full
#   Decrease Java heap size (-Xmx/-Xms)
#   Decrease number of Java threads
#   Decrease Java thread stack sizes (-Xss)
#   Set larger code cache with -XX:ReservedCodeCacheSize=
#   JVM is running with Unscaled Compressed Oops mode in which the Java heap is
#     placed in the first 4GB address space. The Java Heap base address is the
#     maximum limit for the native heap growth. Please use -XX:HeapBaseMinAddress
#     to set the Java Heap base and to place the Java Heap above 4GB virtual address.
# This output file may be truncated or incomplete.
#
#  Out of Memory Error (allocation.cpp:389), pid=7556, tid=0x0000000000001bb0
#
# JRE version: OpenJDK Runtime Environment (8.0_202-b03) (build 1.8.0_202-release-1483-b03)
# Java VM: OpenJDK 64-Bit Server VM (25.202-b03 mixed mode windows-amd64 compressed oops)
# Failed to write core dump. Minidumps are not enabled by default on client versions of Windows
#

---------------  T H R E A D  ---------------

Current thread (0x0000000015e8f800):  JavaThread "C2 CompilerThread1" daemon [_thread_in_native, id=7088, stack(0x0000000017600000,0x0000000017700000)]

Stack: [0x0000000017600000,0x0000000017700000]
[error occurred during error reporting (printing stack bounds), id 0xc0000005]

Native frames: (J=compiled Java code, j=interpreted, Vv=VM code, C=native code)


Current CompileTask:
C2:  11093 1430   !   4       java.net.URLClassLoader$1::run (63 bytes)


---------------  P R O C E S S  ---------------

Java Threads: ( => current thread )
  0x0000000017fa7800 JavaThread "Cache worker for journal cache (C:\Users\Apeksha Khandelwal\.gradle\caches\journal-1)" [_thread_blocked, id=13920, stack(0x000000001aa50000,0x000000001ab50000)]
  0x0000000017fa6000 JavaThread "File lock request listener" [_thread_in_native, id=3356, stack(0x000000001a950000,0x000000001aa50000)]
  0x0000000017fa7000 JavaThread "Cache worker for file hash cache (C:\Users\Apeksha Khandelwal\.gradle\caches\5.4.1\fileHashes)" [_thread_blocked, id=7432, stack(0x000000001a850000,0x000000001a950000)]
  0x00000000179f2800 JavaThread "Thread-9" [_thread_blocked, id=9680, stack(0x000000001a750000,0x000000001a850000)]
  0x0000000017984000 JavaThread "Stdin handler" [_thread_blocked, id=4232, stack(0x000000001a650000,0x000000001a750000)]
  0x0000000017983800 JavaThread "Asynchronous log dispatcher for DefaultDaemonConnection: socket connection from /127.0.0.1:51932 to /127.0.0.1:51934" [_thread_blocked, id=2788, stack(0x000000001a550000,0x000000001a650000)]
  0x00000000179ee000 JavaThread "Daemon worker" [_thread_in_native, id=11748, stack(0x000000001a450000,0x000000001a550000)]
  0x0000000017a47800 JavaThread "Cancel handler" [_thread_blocked, id=9072, stack(0x000000001a350000,0x000000001a450000)]
  0x0000000017b02000 JavaThread "Handler for socket connection from /127.0.0.1:51932 to /127.0.0.1:51934" [_thread_in_native, id=13904, stack(0x000000001a050000,0x000000001a150000)]
  0x0000000017b01800 JavaThread "Daemon" [_thread_blocked, id=4736, stack(0x0000000019f50000,0x000000001a050000)]
  0x00000000178a3000 JavaThread "Daemon periodic checks" [_thread_blocked, id=11988, stack(0x0000000019e50000,0x0000000019f50000)]
  0x0000000017ffa800 JavaThread "Incoming local TCP Connector on port 51932" [_thread_in_native, id=12152, stack(0x0000000019c10000,0x0000000019d10000)]
  0x0000000018f15800 JavaThread "Daemon health stats" [_thread_blocked, id=3892, stack(0x00000000195d0000,0x00000000196d0000)]
  0x0000000017821000 JavaThread "Service Thread" daemon [_thread_blocked, id=8688, stack(0x0000000017c00000,0x0000000017d00000)]
  0x0000000015ee3000 JavaThread "C1 CompilerThread2" daemon [_thread_blocked, id=13072, stack(0x0000000017700000,0x0000000017800000)]
=>0x0000000015e8f800 JavaThread "C2 CompilerThread1" daemon [_thread_in_native, id=7088, stack(0x0000000017600000,0x0000000017700000)]
  0x0000000015e8b800 JavaThread "C2 CompilerThread0" daemon [_thread_blocked, id=13000, stack(0x0000000017500000,0x0000000017600000)]
  0x0000000015e8a000 JavaThread "Attach Listener" daemon [_thread_blocked, id=8544, stack(0x0000000017400000,0x0000000017500000)]
  0x0000000015e89000 JavaThread "Signal Dispatcher" daemon [_thread_blocked, id=6040, stack(0x0000000017300000,0x0000000017400000)]
  0x00000000024cb000 JavaThread "Finalizer" daemon [_thread_blocked, id=10168, stack(0x0000000017100000,0x0000000017200000)]
  0x0000000015e79000 JavaThread "Reference Handler" daemon [_thread_blocked, id=8532, stack(0x0000000017000000,0x0000000017100000)]
  0x000000000251e800 JavaThread "main" [_thread_blocked, id=13536, stack(0x00000000022b0000,0x00000000023b0000)]

Other Threads:
  0x0000000015e56000 VMThread [stack: 0x0000000016f00000,0x0000000017000000] [id=13600]
  0x0000000017822800 WatcherThread [stack: 0x0000000017d00000,0x0000000017e00000] [id=1668]

VM state:not at safepoint (normal execution)

VM Mutex/Monitor currently owned by a thread: None

heap address: 0x00000000a0000000, size: 1536 MB, Compressed Oops mode: 32-bit
Narrow klass base: 0x0000000000000000, Narrow klass shift: 3
Compressed class space size: 1073741824 Address: 0x0000000100000000

Heap:
 PSYoungGen      total 38400K, used 18065K [0x00000000e0000000, 0x00000000e2a80000, 0x0000000100000000)
  eden space 33280K, 38% used [0x00000000e0000000,0x00000000e0ca76b0,0x00000000e2080000)
  from space 5120K, 99% used [0x00000000e2080000,0x00000000e257cfe0,0x00000000e2580000)
  to   space 5120K, 0% used [0x00000000e2580000,0x00000000e2580000,0x00000000e2a80000)
 ParOldGen       total 87552K, used 1736K [0x00000000a0000000, 0x00000000a5580000, 0x00000000e0000000)
  object space 87552K, 1% used [0x00000000a0000000,0x00000000a01b2388,0x00000000a5580000)
 Metaspace       used 14232K, capacity 14578K, committed 14720K, reserved 1062912K
  class space    used 1983K, capacity 2095K, committed 2176K, reserved 1048576K

Card table byte_map: [0x00000000118e0000,0x0000000011bf0000] byte_map_base: 0x00000000113e0000

Marking Bits: (ParMarkBitMap*) 0x0000000077f79f30
 Begin Bits: [0x00000000121f0000, 0x00000000139f0000)
 End Bits:   [0x00000000139f0000, 0x00000000151f0000)

Polling page: 0x0000000000670000

CodeCache: size=245760Kb used=5006Kb max_used=5006Kb free=240753Kb
 bounds [0x0000000002520000, 0x0000000002a10000, 0x0000000011520000]
 total_blobs=1826 nmethods=1444 adapters=295
 compilation: enabled

Compilation events (10 events):
Event: 11.010 Thread 0x0000000015ee3000 1440       3       java.lang.invoke.MemberName::flagsMods (72 bytes)
Event: 11.010 Thread 0x0000000015ee3000 nmethod 1440 0x0000000002a00910 code [0x0000000002a00a60, 0x0000000002a00bd0]
Event: 11.010 Thread 0x0000000015ee3000 1441       3       java.lang.invoke.MemberName::init (66 bytes)
Event: 11.010 Thread 0x0000000015ee3000 nmethod 1441 0x0000000002a04810 code [0x0000000002a04960, 0x0000000002a04b10]
Event: 11.010 Thread 0x0000000015ee3000 1443       3       java.lang.invoke.LambdaForm$BasicType::basicTypeChar (8 bytes)
Event: 11.011 Thread 0x0000000015ee3000 nmethod 1443 0x0000000002a04090 code [0x0000000002a04220, 0x0000000002a04628]
Event: 11.086 Thread 0x0000000015ee3000 1444       3       java.util.concurrent.locks.AbstractQueuedSynchronizer$ConditionObject::unlinkCancelledWaiters (67 bytes)
Event: 11.086 Thread 0x0000000015ee3000 nmethod 1444 0x0000000002a03ad0 code [0x0000000002a03c40, 0x0000000002a03f90]
Event: 11.086 Thread 0x0000000015ee3000 1445   !   3       java.util.concurrent.locks.AbstractQueuedSynchronizer::fullyRelease (54 bytes)
Event: 11.087 Thread 0x0000000015ee3000 nmethod 1445 0x0000000002a05f90 code [0x0000000002a06140, 0x0000000002a06728]

GC Heap History (6 events):
Event: 2.332 GC heap before
{Heap before GC invocations=1 (full 0):
 PSYoungGen      total 38400K, used 33280K [0x00000000e0000000, 0x00000000e2a80000, 0x0000000100000000)
  eden space 33280K, 100% used [0x00000000e0000000,0x00000000e2080000,0x00000000e2080000)
  from space 5120K, 0% used [0x00000000e2580000,0x00000000e2580000,0x00000000e2a80000)
  to   space 5120K, 0% used [0x00000000e2080000,0x00000000e2080000,0x00000000e2580000)
 ParOldGen       total 87552K, used 0K [0x00000000a0000000, 0x00000000a5580000, 0x00000000e0000000)
  object space 87552K, 0% used [0x00000000a0000000,0x00000000a0000000,0x00000000a5580000)
 Metaspace       used 6975K, capacity 7168K, committed 7424K, reserved 1056768K
  class space    used 850K, capacity 908K, committed 1024K, reserved 1048576K
Event: 2.339 GC heap after
Heap after GC invocations=1 (full 0):
 PSYoungGen      total 38400K, used 4191K [0x00000000e0000000, 0x00000000e2a80000, 0x0000000100000000)
  eden space 33280K, 0% used [0x00000000e0000000,0x00000000e0000000,0x00000000e2080000)
  from space 5120K, 81% used [0x00000000e2080000,0x00000000e2497d30,0x00000000e2580000)
  to   space 5120K, 0% used [0x00000000e2580000,0x00000000e2580000,0x00000000e2a80000)
 ParOldGen       total 87552K, used 16K [0x00000000a0000000, 0x00000000a5580000, 0x00000000e0000000)
  object space 87552K, 0% used [0x00000000a0000000,0x00000000a0004000,0x00000000a5580000)
 Metaspace       used 6975K, capacity 7168K, committed 7424K, reserved 1056768K
  class space    used 850K, capacity 908K, committed 1024K, reserved 1048576K
}
Event: 3.707 GC heap before
{Heap before GC invocations=2 (full 0):
 PSYoungGen      total 38400K, used 37471K [0x00000000e0000000, 0x00000000e2a80000, 0x0000000100000000)
  eden space 33280K, 100% used [0x00000000e0000000,0x00000000e2080000,0x00000000e2080000)
  from space 5120K, 81% used [0x00000000e2080000,0x00000000e2497d30,0x00000000e2580000)
  to   space 5120K, 0% used [0x00000000e2580000,0x00000000e2580000,0x00000000e2a80000)
 ParOldGen       total 87552K, used 16K [0x00000000a0000000, 0x00000000a5580000, 0x00000000e0000000)
  object space 87552K, 0% used [0x00000000a0000000,0x00000000a0004000,0x00000000a5580000)
 Metaspace       used 8239K, capacity 8474K, committed 8576K, reserved 1056768K
  class space    used 1047K, capacity 1109K, committed 1152K, reserved 1048576K
Event: 3.713 GC heap after
Heap after GC invocations=2 (full 0):
 PSYoungGen      total 38400K, used 4141K [0x00000000e0000000, 0x00000000e2a80000, 0x0000000100000000)
  eden space 33280K, 0% used [0x00000000e0000000,0x00000000e0000000,0x00000000e2080000)
  from space 5120K, 80% used [0x00000000e2580000,0x00000000e298b7c0,0x00000000e2a80000)
  to   space 5120K, 0% used [0x00000000e2080000,0x00000000e2080000,0x00000000e2580000)
 ParOldGen       total 87552K, used 24K [0x00000000a0000000, 0x00000000a5580000, 0x00000000e0000000)
  object space 87552K, 0% used [0x00000000a0000000,0x00000000a0006000,0x00000000a5580000)
 Metaspace       used 8239K, capacity 8474K, committed 8576K, reserved 1056768K
  class space    used 1047K, capacity 1109K, committed 1152K, reserved 1048576K
}
Event: 9.105 GC heap before
{Heap before GC invocations=3 (full 0):
 PSYoungGen      total 38400K, used 37421K [0x00000000e0000000, 0x00000000e2a80000, 0x0000000100000000)
  eden space 33280K, 100% used [0x00000000e0000000,0x00000000e2080000,0x00000000e2080000)
  from space 5120K, 80% used [0x00000000e2580000,0x00000000e298b7c0,0x00000000e2a80000)
  to   space 5120K, 0% used [0x00000000e2080000,0x00000000e2080000,0x00000000e2580000)
 ParOldGen       total 87552K, used 24K [0x00000000a0000000, 0x00000000a5580000, 0x00000000e0000000)
  object space 87552K, 0% used [0x00000000a0000000,0x00000000a0006000,0x00000000a5580000)
 Metaspace       used 13026K, capacity 13450K, committed 13568K, reserved 1060864K
  class space    used 1795K, capacity 1931K, committed 2048K, reserved 1048576K
Event: 9.113 GC heap after
Heap after GC invocations=3 (full 0):
 PSYoungGen      total 38400K, used 5107K [0x00000000e0000000, 0x00000000e2a80000, 0x0000000100000000)
  eden space 33280K, 0% used [0x00000000e0000000,0x00000000e0000000,0x00000000e2080000)
  from space 5120K, 99% used [0x00000000e2080000,0x00000000e257cfe0,0x00000000e2580000)
  to   space 5120K, 0% used [0x00000000e2580000,0x00000000e2580000,0x00000000e2a80000)
 ParOldGen       total 87552K, used 1736K [0x00000000a0000000, 0x00000000a5580000, 0x00000000e0000000)
  object space 87552K, 1% used [0x00000000a0000000,0x00000000a01b2388,0x00000000a5580000)
 Metaspace       used 13026K, capacity 13450K, committed 13568K, reserved 1060864K
  class space    used 1795K, capacity 1931K, committed 2048K, reserved 1048576K
}

Deoptimization events (10 events):
Event: 4.583 Thread 0x000000000251e800 Uncommon trap: reason=unstable_if action=reinterpret pc=0x000000000282d420 method=java.io.WinNTFileSystem.normalize(Ljava/lang/String;)Ljava/lang/String; @ 128
Event: 4.583 Thread 0x000000000251e800 Uncommon trap: reason=unstable_if action=reinterpret pc=0x00000000028716e8 method=java.io.WinNTFileSystem.normalize(Ljava/lang/String;II)Ljava/lang/String; @ 90
Event: 5.962 Thread 0x0000000017b02000 Uncommon trap: reason=unstable_if action=reinterpret pc=0x00000000028f75b0 method=java.util.concurrent.ConcurrentHashMap.putVal(Ljava/lang/Object;Ljava/lang/Object;Z)Ljava/lang/Object; @ 206
Event: 6.639 Thread 0x00000000179ee000 Uncommon trap: reason=bimorphic action=maybe_recompile pc=0x00000000027c7a64 method=java.util.HashMap.putVal(ILjava/lang/Object;Ljava/lang/Object;ZZ)Ljava/lang/Object; @ 253
Event: 6.639 Thread 0x00000000179ee000 Uncommon trap: reason=bimorphic action=maybe_recompile pc=0x00000000027c7a64 method=java.util.HashMap.putVal(ILjava/lang/Object;Ljava/lang/Object;ZZ)Ljava/lang/Object; @ 253
Event: 6.639 Thread 0x00000000179ee000 Uncommon trap: reason=bimorphic action=maybe_recompile pc=0x00000000027c7a64 method=java.util.HashMap.putVal(ILjava/lang/Object;Ljava/lang/Object;ZZ)Ljava/lang/Object; @ 253
Event: 9.946 Thread 0x00000000179ee000 Uncommon trap: reason=class_check action=maybe_recompile pc=0x0000000002812e18 method=java.util.regex.Matcher.match(II)Z @ 86
Event: 10.002 Thread 0x00000000179ee000 Uncommon trap: reason=class_check action=maybe_recompile pc=0x0000000002812e18 method=java.util.regex.Matcher.match(II)Z @ 86
Event: 10.003 Thread 0x00000000179ee000 Uncommon trap: reason=class_check action=maybe_recompile pc=0x0000000002812e18 method=java.util.regex.Matcher.match(II)Z @ 86
Event: 10.003 Thread 0x00000000179ee000 Uncommon trap: reason=class_check action=maybe_recompile pc=0x00000000027df25c method=java.util.regex.Matcher.match(II)Z @ 86

Classes redefined (0 events):
No events

Internal exceptions (10 events):
Event: 5.993 Thread 0x0000000017b02000 Exception <a 'java/lang/NoSuchMethodError': <clinit>> (0x00000000e0c92ae0) thrown at [D:\src\AOSP-openjdk-cygwin\jdk8u\hotspot\src\share\vm\prims\jni.cpp, line 1614]
Event: 5.997 Thread 0x0000000017b02000 Exception <a 'java/lang/NoSuchMethodError': <clinit>> (0x00000000e0ca7a88) thrown at [D:\src\AOSP-openjdk-cygwin\jdk8u\hotspot\src\share\vm\prims\jni.cpp, line 1614]
Event: 6.075 Thread 0x0000000017b02000 Exception <a 'java/lang/NoSuchMethodError': <clinit>> (0x00000000e0cbacc0) thrown at [D:\src\AOSP-openjdk-cygwin\jdk8u\hotspot\src\share\vm\prims\jni.cpp, line 1614]
Event: 6.096 Thread 0x0000000017b02000 Exception <a 'java/lang/NoSuchMethodError': <clinit>> (0x00000000e0ce21e8) thrown at [D:\src\AOSP-openjdk-cygwin\jdk8u\hotspot\src\share\vm\prims\jni.cpp, line 1614]
Event: 6.260 Thread 0x0000000017b02000 Exception <a 'java/lang/NoSuchMethodError': <clinit>> (0x00000000e0cfa378) thrown at [D:\src\AOSP-openjdk-cygwin\jdk8u\hotspot\src\share\vm\prims\jni.cpp, line 1614]
Event: 6.261 Thread 0x0000000017b02000 Exception <a 'java/lang/NoSuchMethodError': <clinit>> (0x00000000e0d03008) thrown at [D:\src\AOSP-openjdk-cygwin\jdk8u\hotspot\src\share\vm\prims\jni.cpp, line 1614]
Event: 6.266 Thread 0x0000000017b02000 Exception <a 'java/lang/NoSuchMethodError': <clinit>> (0x00000000e0d19800) thrown at [D:\src\AOSP-openjdk-cygwin\jdk8u\hotspot\src\share\vm\prims\jni.cpp, line 1614]
Event: 6.330 Thread 0x0000000017b02000 Exception <a 'java/lang/NoSuchMethodError': <clinit>> (0x00000000e0d80ed0) thrown at [D:\src\AOSP-openjdk-cygwin\jdk8u\hotspot\src\share\vm\prims\jni.cpp, line 1614]
Event: 6.339 Thread 0x0000000017b02000 Exception <a 'java/lang/NoSuchMethodError': <clinit>> (0x00000000e0dad850) thrown at [D:\src\AOSP-openjdk-cygwin\jdk8u\hotspot\src\share\vm\prims\jni.cpp, line 1614]
Event: 6.344 Thread 0x0000000017b02000 Exception <a 'java/lang/NoSuchMethodError': <clinit>> (0x00000000e0dca398) thrown at [D:\src\AOSP-openjdk-cygwin\jdk8u\hotspot\src\share\vm\prims\jni.cpp, line 1614]

Events (10 events):
Event: 11.080 loading class org/gradle/api/internal/artifacts/ivyservice/modulecache/dynamicversions/AbstractModuleVersionsCache
Event: 11.080 loading class org/gradle/api/internal/artifacts/ivyservice/modulecache/dynamicversions/AbstractModuleVersionsCache done
Event: 11.080 loading class org/gradle/api/internal/artifacts/ivyservice/modulecache/dynamicversions/ModuleVersionsCache
Event: 11.080 loading class org/gradle/api/internal/artifacts/ivyservice/modulecache/dynamicversions/ModuleVersionsCache done
Event: 11.081 loading class org/gradle/api/internal/artifacts/ivyservice/modulecache/dynamicversions/DefaultModuleVersionsCache
Event: 11.081 loading class org/gradle/api/internal/artifacts/ivyservice/modulecache/dynamicversions/DefaultModuleVersionsCache done
Event: 11.081 loading class org/gradle/api/internal/artifacts/ivyservice/modulecache/AbstractModuleMetadataCache
Event: 11.081 loading class org/gradle/api/internal/artifacts/ivyservice/modulecache/AbstractModuleMetadataCache done
Event: 11.082 loading class org/gradle/api/internal/artifacts/ivyservice/modulecache/ModuleMetadataCache
Event: 11.082 loading class org/gradle/api/internal/artifacts/ivyservice/modulecache/ModuleMetadataCache done


Dynamic libraries:
0x00007ff757bb0000 - 0x00007ff757be1000 	C:\Program Files\Android\Android Studio1\jre\bin\java.exe
0x00007fff5e7e0000 - 0x00007fff5e9d0000 	C:\WINDOWS\SYSTEM32\ntdll.dll
0x00007fff5d630000 - 0x00007fff5d6e2000 	C:\WINDOWS\System32\KERNEL32.DLL
0x00007fff5b890000 - 0x00007fff5bb33000 	C:\WINDOWS\System32\KERNELBASE.dll
0x00007fff5ca80000 - 0x00007fff5cb23000 	C:\WINDOWS\System32\ADVAPI32.dll
0x00007fff5e2e0000 - 0x00007fff5e37e000 	C:\WINDOWS\System32\msvcrt.dll
0x00007fff5e1d0000 - 0x00007fff5e267000 	C:\WINDOWS\System32\sechost.dll
0x00007fff5e680000 - 0x00007fff5e7a0000 	C:\WINDOWS\System32\RPCRT4.dll
0x00007fff5d880000 - 0x00007fff5da14000 	C:\WINDOWS\System32\USER32.dll
0x00007fff5b7c0000 - 0x00007fff5b7e1000 	C:\WINDOWS\System32\win32u.dll
0x00007fff5cb30000 - 0x00007fff5cb56000 	C:\WINDOWS\System32\GDI32.dll
0x00007fff5c6f0000 - 0x00007fff5c884000 	C:\WINDOWS\System32\gdi32full.dll
0x00007fff5b7f0000 - 0x00007fff5b88e000 	C:\WINDOWS\System32\msvcp_win.dll
0x00007fff5bb60000 - 0x00007fff5bc5a000 	C:\WINDOWS\System32\ucrtbase.dll
0x00007fff4c250000 - 0x00007fff4c4d5000 	C:\WINDOWS\WinSxS\amd64_microsoft.windows.common-controls_6595b64144ccf1df_6.0.18362.535_none_e6c3b34713100821\COMCTL32.dll
0x00007fff5d2f0000 - 0x00007fff5d626000 	C:\WINDOWS\System32\combase.dll
0x00007fff5bc60000 - 0x00007fff5bce0000 	C:\WINDOWS\System32\bcryptPrimitives.dll
0x00007fff5d850000 - 0x00007fff5d87e000 	C:\WINDOWS\System32\IMM32.DLL
0x0000000051740000 - 0x0000000051812000 	C:\Program Files\Android\Android Studio1\jre\jre\bin\msvcr100.dll
0x00000000777b0000 - 0x0000000077ff6000 	C:\Program Files\Android\Android Studio1\jre\jre\bin\server\jvm.dll
0x00007fff5cb60000 - 0x00007fff5cb68000 	C:\WINDOWS\System32\PSAPI.DLL
0x00007fff5a1a0000 - 0x00007fff5a1a9000 	C:\WINDOWS\SYSTEM32\WSOCK32.dll
0x00007fff5e270000 - 0x00007fff5e2df000 	C:\WINDOWS\System32\WS2_32.dll
0x00007fff57560000 - 0x00007fff57584000 	C:\WINDOWS\SYSTEM32\WINMM.dll
0x00007fff55170000 - 0x00007fff5517a000 	C:\WINDOWS\SYSTEM32\VERSION.dll
0x00007fff57530000 - 0x00007fff5755d000 	C:\WINDOWS\SYSTEM32\WINMMBASE.dll
0x00007fff5b770000 - 0x00007fff5b7ba000 	C:\WINDOWS\System32\cfgmgr32.dll
0x00007fff57830000 - 0x00007fff5783f000 	C:\Program Files\Android\Android Studio1\jre\jre\bin\verify.dll
0x00007fff54f40000 - 0x00007fff54f69000 	C:\Program Files\Android\Android Studio1\jre\jre\bin\java.dll
0x00007fff56b60000 - 0x00007fff56b76000 	C:\Program Files\Android\Android Studio1\jre\jre\bin\zip.dll
0x00007fff5cc00000 - 0x00007fff5d2e5000 	C:\WINDOWS\System32\SHELL32.dll
0x00007fff5c970000 - 0x00007fff5ca19000 	C:\WINDOWS\System32\shcore.dll
0x00007fff5bce0000 - 0x00007fff5c45f000 	C:\WINDOWS\System32\windows.storage.dll
0x00007fff5b6e0000 - 0x00007fff5b6ff000 	C:\WINDOWS\System32\profapi.dll
0x00007fff5b700000 - 0x00007fff5b74a000 	C:\WINDOWS\System32\powrprof.dll
0x00007fff5b6b0000 - 0x00007fff5b6c0000 	C:\WINDOWS\System32\UMPDC.dll
0x00007fff5ca20000 - 0x00007fff5ca72000 	C:\WINDOWS\System32\shlwapi.dll
0x00007fff5b6c0000 - 0x00007fff5b6d1000 	C:\WINDOWS\System32\kernel.appcore.dll
0x00007fff5bb40000 - 0x00007fff5bb57000 	C:\WINDOWS\System32\cryptsp.dll
0x00007fff54f20000 - 0x00007fff54f3a000 	C:\Program Files\Android\Android Studio1\jre\jre\bin\net.dll
0x00007fff5af20000 - 0x00007fff5af87000 	C:\WINDOWS\system32\mswsock.dll
0x00007fff54ba0000 - 0x00007fff54bb1000 	C:\Program Files\Android\Android Studio1\jre\jre\bin\nio.dll
0x00007fff4f130000 - 0x00007fff4f156000 	C:\Users\Apeksha Khandelwal\.gradle\native\29\windows-amd64\native-platform.dll
0x00007fff55ea0000 - 0x00007fff55ead000 	C:\Program Files\Android\Android Studio1\jre\jre\bin\management.dll
0x00007fff5aa90000 - 0x00007fff5aac3000 	C:\WINDOWS\system32\rsaenh.dll
0x00007fff5c5b0000 - 0x00007fff5c5d6000 	C:\WINDOWS\System32\bcrypt.dll
0x00007fff5b5a0000 - 0x00007fff5b5c5000 	C:\WINDOWS\SYSTEM32\USERENV.dll
0x00007fff5b0f0000 - 0x00007fff5b0fc000 	C:\WINDOWS\SYSTEM32\CRYPTBASE.dll
0x00007fff5ac30000 - 0x00007fff5ac6a000 	C:\WINDOWS\SYSTEM32\IPHLPAPI.DLL
0x00007fff5c890000 - 0x00007fff5c898000 	C:\WINDOWS\System32\NSI.dll
0x00007fff4f870000 - 0x00007fff4f886000 	C:\WINDOWS\SYSTEM32\dhcpcsvc6.DLL
0x00007fff4fa90000 - 0x00007fff4faac000 	C:\WINDOWS\SYSTEM32\dhcpcsvc.DLL
0x00007fff5ac70000 - 0x00007fff5ad3a000 	C:\WINDOWS\SYSTEM32\DNSAPI.dll

VM Arguments:
jvm_args: -Xmx1536m -Dfile.encoding=windows-1252 -Duser.country=IN -Duser.language=en -Duser.variant 
java_command: org.gradle.launcher.daemon.bootstrap.GradleDaemon 5.4.1
java_class_path (initial): C:\Users\Apeksha Khandelwal\.gradle\wrapper\dists\gradle-5.4.1-all\3221gyojl5jsh0helicew7rwx\gradle-5.4.1\lib\gradle-launcher-5.4.1.jar
Launcher Type: SUN_STANDARD

Environment Variables:
PATH=C:\Program Files (x86)\Intel\Intel(R) Management Engine Components\iCLS\;C:\Program Files\Intel\Intel(R) Management Engine Components\iCLS\;C:\ProgramData\Oracle\Java\javapath;C:\WINDOWS\system32;C:\WINDOWS;C:\WINDOWS\System32\Wbem;C:\WINDOWS\System32\WindowsPowerShell\v1.0\;C:\Program Files (x86)\Intel\Intel(R) Management Engine Components\DAL;C:\Program Files\Intel\Intel(R) Management Engine Components\DAL;C:\Program Files (x86)\Intel\Intel(R) Management Engine Components\IPT;C:\Program Files\Intel\Intel(R) Management Engine Components\IPT;C:\WINDOWS\System32\OpenSSH\;C:\Program Files\dotnet\;C:\Program Files\Microsoft SQL Server\130\Tools\Binn\;C:\Users\Apeksha Khandelwal\AppData\Local\GitHubDesktop\bin;%USERPROFILE%\AppData\Local\Microsoft\WindowsApps;
USERNAME=Apeksha Khandelwal
OS=Windows_NT
PROCESSOR_IDENTIFIER=Intel64 Family 6 Model 78 Stepping 3, GenuineIntel



---------------  S Y S T E M  ---------------

OS: Windows 10.0 , 64 bit Build 18362 (10.0.18362.329)

CPU:total 4 (initial active 4) (2 cores per cpu, 2 threads per core) family 6 model 78 stepping 3, cmov, cx8, fxsr, mmx, sse, sse2, sse3, ssse3, sse4.1, sse4.2, popcnt, avx, avx2, aes, clmul, erms, 3dnowpref, lzcnt, ht, tsc, tscinvbit, bmi1, bmi2, adx

Memory: 4k page, physical 8276996k(497440k free), swap 33442820k(6636k free)

vm_info: OpenJDK 64-Bit Server VM (25.202-b03) for windows-amd64 JRE (1.8.0_202-release-1483-b03), built by "builder" with MS VC++ 10.0 (VS2010)

time: Fri Dec 27 22:06:17 2019
timezone: India Standard Time
elapsed time: 11 seconds (0d 0h 0m 11s)

