#
# There is insufficient memory for the Java Runtime Environment to continue.
# Native memory allocation (malloc) failed to allocate 2214256 bytes for Chunk::new
# Possible reasons:
#   The system is out of physical RAM or swap space
#   The process is running with CompressedOops enabled, and the Java Heap may be blocking the growth of the native heap
# Possible solutions:
#   Reduce memory load on the system
#   Increase physical memory or swap space
#   Check if swap backing store is full
#   Decrease Java heap size (-Xmx/-Xms)
#   Decrease number of Java threads
#   Decrease Java thread stack sizes (-Xss)
#   Set larger code cache with -XX:ReservedCodeCacheSize=
#   JVM is running with Unscaled Compressed Oops mode in which the Java heap is
#     placed in the first 4GB address space. The Java Heap base address is the
#     maximum limit for the native heap growth. Please use -XX:HeapBaseMinAddress
#     to set the Java Heap base and to place the Java Heap above 4GB virtual address.
# This output file may be truncated or incomplete.
#
#  Out of Memory Error (allocation.cpp:389), pid=9136, tid=0x00000000000034bc
#
# JRE version: OpenJDK Runtime Environment (8.0_202-b03) (build 1.8.0_202-release-1483-b03)
# Java VM: OpenJDK 64-Bit Server VM (25.202-b03 mixed mode windows-amd64 compressed oops)
# Failed to write core dump. Minidumps are not enabled by default on client versions of Windows
#

---------------  T H R E A D  ---------------

Current thread (0x0000000016b0d800):  JavaThread "C2 CompilerThread0" daemon [_thread_in_native, id=13500, stack(0x0000000018170000,0x0000000018270000)]

Stack: [0x0000000018170000,0x0000000018270000]
[error occurred during error reporting (printing stack bounds), id 0xc0000005]

Native frames: (J=compiled Java code, j=interpreted, Vv=VM code, C=native code)


Current CompileTask:
C2:  11082 1445       4       java.net.URLClassLoader$1::run (5 bytes)


---------------  P R O C E S S  ---------------

Java Threads: ( => current thread )
  0x000000001880c000 JavaThread "File lock release action executor" [_thread_blocked, id=3672, stack(0x000000001b9c0000,0x000000001bac0000)]
  0x0000000018808800 JavaThread "Cache worker for journal cache (C:\Users\Apeksha Khandelwal\.gradle\caches\journal-1)" [_thread_blocked, id=3324, stack(0x000000001b8c0000,0x000000001b9c0000)]
  0x0000000018807800 JavaThread "File lock request listener" [_thread_in_native, id=1252, stack(0x000000001b5c0000,0x000000001b6c0000)]
  0x0000000018807000 JavaThread "Cache worker for file hash cache (C:\Users\Apeksha Khandelwal\.gradle\caches\5.4.1\fileHashes)" [_thread_blocked, id=8692, stack(0x000000001b4c0000,0x000000001b5c0000)]
  0x0000000018e5b800 JavaThread "Thread-9" [_thread_blocked, id=14020, stack(0x000000001b3c0000,0x000000001b4c0000)]
  0x0000000019b79000 JavaThread "Stdin handler" [_thread_blocked, id=13964, stack(0x000000001b2c0000,0x000000001b3c0000)]
  0x0000000019b75000 JavaThread "Asynchronous log dispatcher for DefaultDaemonConnection: socket connection from /127.0.0.1:51931 to /127.0.0.1:51933" [_thread_blocked, id=2100, stack(0x000000001b1c0000,0x000000001b2c0000)]
  0x00000000199b1800 JavaThread "Daemon worker" [_thread_in_native, id=13820, stack(0x000000001b0c0000,0x000000001b1c0000)]
  0x00000000199b0800 JavaThread "Cancel handler" [_thread_blocked, id=9404, stack(0x000000001afc0000,0x000000001b0c0000)]
  0x000000001993b800 JavaThread "Handler for socket connection from /127.0.0.1:51931 to /127.0.0.1:51933" [_thread_in_native, id=12080, stack(0x000000001acc0000,0x000000001adc0000)]
  0x0000000019764800 JavaThread "Daemon" [_thread_blocked, id=1588, stack(0x000000001abc0000,0x000000001acc0000)]
  0x00000000187ba800 JavaThread "Daemon periodic checks" [_thread_blocked, id=2228, stack(0x000000001aac0000,0x000000001abc0000)]
  0x00000000191bf800 JavaThread "Incoming local TCP Connector on port 51931" [_thread_in_native, id=13424, stack(0x000000001a880000,0x000000001a980000)]
  0x00000000198c1800 JavaThread "Daemon health stats" [_thread_blocked, id=5908, stack(0x000000001a240000,0x000000001a340000)]
  0x0000000016b6d000 JavaThread "Service Thread" daemon [_thread_blocked, id=13868, stack(0x0000000018870000,0x0000000018970000)]
  0x0000000016b64800 JavaThread "C1 CompilerThread2" daemon [_thread_blocked, id=12868, stack(0x0000000018370000,0x0000000018470000)]
  0x0000000016b11800 JavaThread "C2 CompilerThread1" daemon [_thread_in_native, id=14088, stack(0x0000000018270000,0x0000000018370000)]
=>0x0000000016b0d800 JavaThread "C2 CompilerThread0" daemon [_thread_in_native, id=13500, stack(0x0000000018170000,0x0000000018270000)]
  0x0000000016b0c800 JavaThread "Attach Listener" daemon [_thread_blocked, id=14164, stack(0x0000000018070000,0x0000000018170000)]
  0x000000000319e000 JavaThread "Signal Dispatcher" daemon [_thread_blocked, id=7064, stack(0x0000000017f70000,0x0000000018070000)]
  0x0000000003198000 JavaThread "Finalizer" daemon [_thread_blocked, id=3852, stack(0x0000000017d70000,0x0000000017e70000)]
  0x0000000016af9000 JavaThread "Reference Handler" daemon [_thread_blocked, id=9848, stack(0x0000000017c70000,0x0000000017d70000)]
  0x000000000174e800 JavaThread "main" [_thread_blocked, id=11552, stack(0x0000000002f10000,0x0000000003010000)]

Other Threads:
  0x0000000016ad6000 VMThread [stack: 0x0000000017b70000,0x0000000017c70000] [id=1384]
  0x0000000016b6d800 WatcherThread [stack: 0x0000000018970000,0x0000000018a70000] [id=10356]

VM state:not at safepoint (normal execution)

VM Mutex/Monitor currently owned by a thread: None

heap address: 0x00000000a0000000, size: 1536 MB, Compressed Oops mode: 32-bit
Narrow klass base: 0x0000000000000000, Narrow klass shift: 3
Compressed class space size: 1073741824 Address: 0x0000000100000000

Heap:
 PSYoungGen      total 38400K, used 18134K [0x00000000e0000000, 0x00000000e2a80000, 0x0000000100000000)
  eden space 33280K, 39% used [0x00000000e0000000,0x00000000e0cbca38,0x00000000e2080000)
  from space 5120K, 99% used [0x00000000e2080000,0x00000000e25790e0,0x00000000e2580000)
  to   space 5120K, 0% used [0x00000000e2580000,0x00000000e2580000,0x00000000e2a80000)
 ParOldGen       total 87552K, used 1794K [0x00000000a0000000, 0x00000000a5580000, 0x00000000e0000000)
  object space 87552K, 2% used [0x00000000a0000000,0x00000000a01c0a00,0x00000000a5580000)
 Metaspace       used 14280K, capacity 14594K, committed 14720K, reserved 1062912K
  class space    used 1988K, capacity 2095K, committed 2176K, reserved 1048576K

Card table byte_map: [0x0000000012560000,0x0000000012870000] byte_map_base: 0x0000000012060000

Marking Bits: (ParMarkBitMap*) 0x0000000077f79f30
 Begin Bits: [0x0000000012e70000, 0x0000000014670000)
 End Bits:   [0x0000000014670000, 0x0000000015e70000)

Polling page: 0x0000000001140000

CodeCache: size=245760Kb used=5079Kb max_used=5079Kb free=240680Kb
 bounds [0x00000000031a0000, 0x00000000036a0000, 0x00000000121a0000]
 total_blobs=1835 nmethods=1453 adapters=295
 compilation: enabled

Compilation events (10 events):
Event: 10.950 Thread 0x0000000016b64800 1454       3       java.lang.invoke.MemberName::flagsMods (72 bytes)
Event: 10.950 Thread 0x0000000016b64800 nmethod 1454 0x00000000036967d0 code [0x0000000003696920, 0x0000000003696a90]
Event: 10.950 Thread 0x0000000016b64800 1455       3       java.lang.invoke.MemberName::init (66 bytes)
Event: 10.951 Thread 0x0000000016b64800 nmethod 1455 0x0000000003696b10 code [0x0000000003696c60, 0x0000000003696e10]
Event: 10.951 Thread 0x0000000016b64800 1457       3       java.lang.invoke.LambdaForm$BasicType::basicTypeChar (8 bytes)
Event: 10.951 Thread 0x0000000016b64800 nmethod 1457 0x0000000003697150 code [0x00000000036972e0, 0x00000000036976e8]
Event: 10.975 Thread 0x0000000016b64800 1458       3       java.util.concurrent.locks.AbstractQueuedSynchronizer$ConditionObject::unlinkCancelledWaiters (67 bytes)
Event: 10.976 Thread 0x0000000016b64800 nmethod 1458 0x00000000036978d0 code [0x0000000003697a40, 0x0000000003697d90]
Event: 11.064 Thread 0x0000000016b64800 1459   !   3       java.util.concurrent.locks.AbstractQueuedSynchronizer::fullyRelease (54 bytes)
Event: 11.064 Thread 0x0000000016b64800 nmethod 1459 0x0000000003697e90 code [0x0000000003698040, 0x0000000003698628]

GC Heap History (6 events):
Event: 2.350 GC heap before
{Heap before GC invocations=1 (full 0):
 PSYoungGen      total 38400K, used 33280K [0x00000000e0000000, 0x00000000e2a80000, 0x0000000100000000)
  eden space 33280K, 100% used [0x00000000e0000000,0x00000000e2080000,0x00000000e2080000)
  from space 5120K, 0% used [0x00000000e2580000,0x00000000e2580000,0x00000000e2a80000)
  to   space 5120K, 0% used [0x00000000e2080000,0x00000000e2080000,0x00000000e2580000)
 ParOldGen       total 87552K, used 0K [0x00000000a0000000, 0x00000000a5580000, 0x00000000e0000000)
  object space 87552K, 0% used [0x00000000a0000000,0x00000000a0000000,0x00000000a5580000)
 Metaspace       used 6975K, capacity 7184K, committed 7424K, reserved 1056768K
  class space    used 850K, capacity 908K, committed 1024K, reserved 1048576K
Event: 2.358 GC heap after
Heap after GC invocations=1 (full 0):
 PSYoungGen      total 38400K, used 4242K [0x00000000e0000000, 0x00000000e2a80000, 0x0000000100000000)
  eden space 33280K, 0% used [0x00000000e0000000,0x00000000e0000000,0x00000000e2080000)
  from space 5120K, 82% used [0x00000000e2080000,0x00000000e24a4bc8,0x00000000e2580000)
  to   space 5120K, 0% used [0x00000000e2580000,0x00000000e2580000,0x00000000e2a80000)
 ParOldGen       total 87552K, used 8K [0x00000000a0000000, 0x00000000a5580000, 0x00000000e0000000)
  object space 87552K, 0% used [0x00000000a0000000,0x00000000a0002000,0x00000000a5580000)
 Metaspace       used 6975K, capacity 7184K, committed 7424K, reserved 1056768K
  class space    used 850K, capacity 908K, committed 1024K, reserved 1048576K
}
Event: 3.724 GC heap before
{Heap before GC invocations=2 (full 0):
 PSYoungGen      total 38400K, used 37522K [0x00000000e0000000, 0x00000000e2a80000, 0x0000000100000000)
  eden space 33280K, 100% used [0x00000000e0000000,0x00000000e2080000,0x00000000e2080000)
  from space 5120K, 82% used [0x00000000e2080000,0x00000000e24a4bc8,0x00000000e2580000)
  to   space 5120K, 0% used [0x00000000e2580000,0x00000000e2580000,0x00000000e2a80000)
 ParOldGen       total 87552K, used 8K [0x00000000a0000000, 0x00000000a5580000, 0x00000000e0000000)
  object space 87552K, 0% used [0x00000000a0000000,0x00000000a0002000,0x00000000a5580000)
 Metaspace       used 8260K, capacity 8490K, committed 8576K, reserved 1056768K
  class space    used 1049K, capacity 1109K, committed 1152K, reserved 1048576K
Event: 3.730 GC heap after
Heap after GC invocations=2 (full 0):
 PSYoungGen      total 38400K, used 4161K [0x00000000e0000000, 0x00000000e2a80000, 0x0000000100000000)
  eden space 33280K, 0% used [0x00000000e0000000,0x00000000e0000000,0x00000000e2080000)
  from space 5120K, 81% used [0x00000000e2580000,0x00000000e29905c0,0x00000000e2a80000)
  to   space 5120K, 0% used [0x00000000e2080000,0x00000000e2080000,0x00000000e2580000)
 ParOldGen       total 87552K, used 16K [0x00000000a0000000, 0x00000000a5580000, 0x00000000e0000000)
  object space 87552K, 0% used [0x00000000a0000000,0x00000000a0004000,0x00000000a5580000)
 Metaspace       used 8260K, capacity 8490K, committed 8576K, reserved 1056768K
  class space    used 1049K, capacity 1109K, committed 1152K, reserved 1048576K
}
Event: 9.173 GC heap before
{Heap before GC invocations=3 (full 0):
 PSYoungGen      total 38400K, used 37441K [0x00000000e0000000, 0x00000000e2a80000, 0x0000000100000000)
  eden space 33280K, 100% used [0x00000000e0000000,0x00000000e2080000,0x00000000e2080000)
  from space 5120K, 81% used [0x00000000e2580000,0x00000000e29905c0,0x00000000e2a80000)
  to   space 5120K, 0% used [0x00000000e2080000,0x00000000e2080000,0x00000000e2580000)
 ParOldGen       total 87552K, used 16K [0x00000000a0000000, 0x00000000a5580000, 0x00000000e0000000)
  object space 87552K, 0% used [0x00000000a0000000,0x00000000a0004000,0x00000000a5580000)
 Metaspace       used 13086K, capacity 13466K, committed 13824K, reserved 1060864K
  class space    used 1799K, capacity 1931K, committed 2048K, reserved 1048576K
Event: 9.182 GC heap after
Heap after GC invocations=3 (full 0):
 PSYoungGen      total 38400K, used 5092K [0x00000000e0000000, 0x00000000e2a80000, 0x0000000100000000)
  eden space 33280K, 0% used [0x00000000e0000000,0x00000000e0000000,0x00000000e2080000)
  from space 5120K, 99% used [0x00000000e2080000,0x00000000e25790e0,0x00000000e2580000)
  to   space 5120K, 0% used [0x00000000e2580000,0x00000000e2580000,0x00000000e2a80000)
 ParOldGen       total 87552K, used 1794K [0x00000000a0000000, 0x00000000a5580000, 0x00000000e0000000)
  object space 87552K, 2% used [0x00000000a0000000,0x00000000a01c0a00,0x00000000a5580000)
 Metaspace       used 13086K, capacity 13466K, committed 13824K, reserved 1060864K
  class space    used 1799K, capacity 1931K, committed 2048K, reserved 1048576K
}

Deoptimization events (10 events):
Event: 4.591 Thread 0x000000000174e800 Uncommon trap: reason=unstable_if action=reinterpret pc=0x00000000034b01b4 method=java.io.WinNTFileSystem.normalize(Ljava/lang/String;)Ljava/lang/String; @ 128
Event: 4.591 Thread 0x000000000174e800 Uncommon trap: reason=unstable_if action=reinterpret pc=0x00000000034e0da8 method=java.io.WinNTFileSystem.normalize(Ljava/lang/String;II)Ljava/lang/String; @ 90
Event: 5.974 Thread 0x000000001993b800 Uncommon trap: reason=unstable_if action=reinterpret pc=0x000000000357f3f0 method=java.util.concurrent.ConcurrentHashMap.putVal(Ljava/lang/Object;Ljava/lang/Object;Z)Ljava/lang/Object; @ 206
Event: 6.651 Thread 0x00000000199b1800 Uncommon trap: reason=bimorphic action=maybe_recompile pc=0x000000000344b8ac method=java.util.HashMap.putVal(ILjava/lang/Object;Ljava/lang/Object;ZZ)Ljava/lang/Object; @ 253
Event: 6.651 Thread 0x00000000199b1800 Uncommon trap: reason=bimorphic action=maybe_recompile pc=0x000000000344b8ac method=java.util.HashMap.putVal(ILjava/lang/Object;Ljava/lang/Object;ZZ)Ljava/lang/Object; @ 253
Event: 6.651 Thread 0x00000000199b1800 Uncommon trap: reason=bimorphic action=maybe_recompile pc=0x000000000344b8ac method=java.util.HashMap.putVal(ILjava/lang/Object;Ljava/lang/Object;ZZ)Ljava/lang/Object; @ 253
Event: 9.958 Thread 0x00000000199b1800 Uncommon trap: reason=class_check action=maybe_recompile pc=0x0000000003498c58 method=java.util.regex.Matcher.match(II)Z @ 86
Event: 10.013 Thread 0x00000000199b1800 Uncommon trap: reason=class_check action=maybe_recompile pc=0x0000000003498c58 method=java.util.regex.Matcher.match(II)Z @ 86
Event: 10.014 Thread 0x00000000199b1800 Uncommon trap: reason=class_check action=maybe_recompile pc=0x0000000003498c58 method=java.util.regex.Matcher.match(II)Z @ 86
Event: 10.014 Thread 0x00000000199b1800 Uncommon trap: reason=class_check action=maybe_recompile pc=0x000000000345f45c method=java.util.regex.Matcher.match(II)Z @ 86

Classes redefined (0 events):
No events

Internal exceptions (10 events):
Event: 6.005 Thread 0x000000001993b800 Exception <a 'java/lang/NoSuchMethodError': <clinit>> (0x00000000e0c92e50) thrown at [D:\src\AOSP-openjdk-cygwin\jdk8u\hotspot\src\share\vm\prims\jni.cpp, line 1614]
Event: 6.010 Thread 0x000000001993b800 Exception <a 'java/lang/NoSuchMethodError': <clinit>> (0x00000000e0ca7df8) thrown at [D:\src\AOSP-openjdk-cygwin\jdk8u\hotspot\src\share\vm\prims\jni.cpp, line 1614]
Event: 6.088 Thread 0x000000001993b800 Exception <a 'java/lang/NoSuchMethodError': <clinit>> (0x00000000e0cbb030) thrown at [D:\src\AOSP-openjdk-cygwin\jdk8u\hotspot\src\share\vm\prims\jni.cpp, line 1614]
Event: 6.108 Thread 0x000000001993b800 Exception <a 'java/lang/NoSuchMethodError': <clinit>> (0x00000000e0ce2538) thrown at [D:\src\AOSP-openjdk-cygwin\jdk8u\hotspot\src\share\vm\prims\jni.cpp, line 1614]
Event: 6.272 Thread 0x000000001993b800 Exception <a 'java/lang/NoSuchMethodError': <clinit>> (0x00000000e0cfa6c8) thrown at [D:\src\AOSP-openjdk-cygwin\jdk8u\hotspot\src\share\vm\prims\jni.cpp, line 1614]
Event: 6.273 Thread 0x000000001993b800 Exception <a 'java/lang/NoSuchMethodError': <clinit>> (0x00000000e0d03358) thrown at [D:\src\AOSP-openjdk-cygwin\jdk8u\hotspot\src\share\vm\prims\jni.cpp, line 1614]
Event: 6.277 Thread 0x000000001993b800 Exception <a 'java/lang/NoSuchMethodError': <clinit>> (0x00000000e0d19a78) thrown at [D:\src\AOSP-openjdk-cygwin\jdk8u\hotspot\src\share\vm\prims\jni.cpp, line 1614]
Event: 6.320 Thread 0x000000001993b800 Exception <a 'java/lang/NoSuchMethodError': <clinit>> (0x00000000e0d81200) thrown at [D:\src\AOSP-openjdk-cygwin\jdk8u\hotspot\src\share\vm\prims\jni.cpp, line 1614]
Event: 6.326 Thread 0x000000001993b800 Exception <a 'java/lang/NoSuchMethodError': <clinit>> (0x00000000e0dadb70) thrown at [D:\src\AOSP-openjdk-cygwin\jdk8u\hotspot\src\share\vm\prims\jni.cpp, line 1614]
Event: 6.333 Thread 0x000000001993b800 Exception <a 'java/lang/NoSuchMethodError': <clinit>> (0x00000000e0dca638) thrown at [D:\src\AOSP-openjdk-cygwin\jdk8u\hotspot\src\share\vm\prims\jni.cpp, line 1614]

Events (10 events):
Event: 11.050 loading class org/gradle/api/internal/artifacts/mvnsettings/MavenSettingsProvider
Event: 11.050 loading class org/gradle/api/internal/artifacts/mvnsettings/MavenSettingsProvider done
Event: 11.052 loading class org/gradle/api/internal/artifacts/ivyservice/ivyresolve/strategy/VersionSelectorScheme
Event: 11.052 loading class org/gradle/api/internal/artifacts/ivyservice/ivyresolve/strategy/VersionSelectorScheme done
Event: 11.052 loading class org/gradle/internal/resource/local/FileStore
Event: 11.052 loading class org/gradle/internal/resource/local/FileStore done
Event: 11.053 loading class org/gradle/api/internal/artifacts/repositories/resolver/ExternalResourceAccessor
Event: 11.053 loading class org/gradle/api/internal/artifacts/repositories/resolver/ExternalResourceAccessor done
Event: 11.053 loading class org/gradle/api/internal/artifacts/component/ComponentIdentifierFactory
Event: 11.053 loading class org/gradle/api/internal/artifacts/component/ComponentIdentifierFactory done


Dynamic libraries:
0x00007ff757bb0000 - 0x00007ff757be1000 	C:\Program Files\Android\Android Studio1\jre\bin\java.exe
0x00007fff5e7e0000 - 0x00007fff5e9d0000 	C:\WINDOWS\SYSTEM32\ntdll.dll
0x00007fff5d630000 - 0x00007fff5d6e2000 	C:\WINDOWS\System32\KERNEL32.DLL
0x00007fff5b890000 - 0x00007fff5bb33000 	C:\WINDOWS\System32\KERNELBASE.dll
0x00007fff5ca80000 - 0x00007fff5cb23000 	C:\WINDOWS\System32\ADVAPI32.dll
0x00007fff5e2e0000 - 0x00007fff5e37e000 	C:\WINDOWS\System32\msvcrt.dll
0x00007fff5e1d0000 - 0x00007fff5e267000 	C:\WINDOWS\System32\sechost.dll
0x00007fff5e680000 - 0x00007fff5e7a0000 	C:\WINDOWS\System32\RPCRT4.dll
0x00007fff5d880000 - 0x00007fff5da14000 	C:\WINDOWS\System32\USER32.dll
0x00007fff5b7c0000 - 0x00007fff5b7e1000 	C:\WINDOWS\System32\win32u.dll
0x00007fff5cb30000 - 0x00007fff5cb56000 	C:\WINDOWS\System32\GDI32.dll
0x00007fff5c6f0000 - 0x00007fff5c884000 	C:\WINDOWS\System32\gdi32full.dll
0x00007fff5b7f0000 - 0x00007fff5b88e000 	C:\WINDOWS\System32\msvcp_win.dll
0x00007fff5bb60000 - 0x00007fff5bc5a000 	C:\WINDOWS\System32\ucrtbase.dll
0x00007fff4c250000 - 0x00007fff4c4d5000 	C:\WINDOWS\WinSxS\amd64_microsoft.windows.common-controls_6595b64144ccf1df_6.0.18362.535_none_e6c3b34713100821\COMCTL32.dll
0x00007fff5d2f0000 - 0x00007fff5d626000 	C:\WINDOWS\System32\combase.dll
0x00007fff5bc60000 - 0x00007fff5bce0000 	C:\WINDOWS\System32\bcryptPrimitives.dll
0x00007fff5d850000 - 0x00007fff5d87e000 	C:\WINDOWS\System32\IMM32.DLL
0x0000000051740000 - 0x0000000051812000 	C:\Program Files\Android\Android Studio1\jre\jre\bin\msvcr100.dll
0x00000000777b0000 - 0x0000000077ff6000 	C:\Program Files\Android\Android Studio1\jre\jre\bin\server\jvm.dll
0x00007fff5cb60000 - 0x00007fff5cb68000 	C:\WINDOWS\System32\PSAPI.DLL
0x00007fff57560000 - 0x00007fff57584000 	C:\WINDOWS\SYSTEM32\WINMM.dll
0x00007fff5a1a0000 - 0x00007fff5a1a9000 	C:\WINDOWS\SYSTEM32\WSOCK32.dll
0x00007fff55170000 - 0x00007fff5517a000 	C:\WINDOWS\SYSTEM32\VERSION.dll
0x00007fff5e270000 - 0x00007fff5e2df000 	C:\WINDOWS\System32\WS2_32.dll
0x00007fff57530000 - 0x00007fff5755d000 	C:\WINDOWS\SYSTEM32\WINMMBASE.dll
0x00007fff5b770000 - 0x00007fff5b7ba000 	C:\WINDOWS\System32\cfgmgr32.dll
0x00007fff57830000 - 0x00007fff5783f000 	C:\Program Files\Android\Android Studio1\jre\jre\bin\verify.dll
0x00007fff54f40000 - 0x00007fff54f69000 	C:\Program Files\Android\Android Studio1\jre\jre\bin\java.dll
0x00007fff56b60000 - 0x00007fff56b76000 	C:\Program Files\Android\Android Studio1\jre\jre\bin\zip.dll
0x00007fff5cc00000 - 0x00007fff5d2e5000 	C:\WINDOWS\System32\SHELL32.dll
0x00007fff5c970000 - 0x00007fff5ca19000 	C:\WINDOWS\System32\shcore.dll
0x00007fff5bce0000 - 0x00007fff5c45f000 	C:\WINDOWS\System32\windows.storage.dll
0x00007fff5b6e0000 - 0x00007fff5b6ff000 	C:\WINDOWS\System32\profapi.dll
0x00007fff5b700000 - 0x00007fff5b74a000 	C:\WINDOWS\System32\powrprof.dll
0x00007fff5b6b0000 - 0x00007fff5b6c0000 	C:\WINDOWS\System32\UMPDC.dll
0x00007fff5ca20000 - 0x00007fff5ca72000 	C:\WINDOWS\System32\shlwapi.dll
0x00007fff5b6c0000 - 0x00007fff5b6d1000 	C:\WINDOWS\System32\kernel.appcore.dll
0x00007fff5bb40000 - 0x00007fff5bb57000 	C:\WINDOWS\System32\cryptsp.dll
0x00007fff54f20000 - 0x00007fff54f3a000 	C:\Program Files\Android\Android Studio1\jre\jre\bin\net.dll
0x00007fff5af20000 - 0x00007fff5af87000 	C:\WINDOWS\system32\mswsock.dll
0x00007fff54ba0000 - 0x00007fff54bb1000 	C:\Program Files\Android\Android Studio1\jre\jre\bin\nio.dll
0x00007fff4f130000 - 0x00007fff4f156000 	C:\Users\Apeksha Khandelwal\.gradle\native\29\windows-amd64\native-platform.dll
0x00007fff55ea0000 - 0x00007fff55ead000 	C:\Program Files\Android\Android Studio1\jre\jre\bin\management.dll
0x00007fff5aa90000 - 0x00007fff5aac3000 	C:\WINDOWS\system32\rsaenh.dll
0x00007fff5c5b0000 - 0x00007fff5c5d6000 	C:\WINDOWS\System32\bcrypt.dll
0x00007fff5b5a0000 - 0x00007fff5b5c5000 	C:\WINDOWS\SYSTEM32\USERENV.dll
0x00007fff5b0f0000 - 0x00007fff5b0fc000 	C:\WINDOWS\SYSTEM32\CRYPTBASE.dll
0x00007fff5ac30000 - 0x00007fff5ac6a000 	C:\WINDOWS\SYSTEM32\IPHLPAPI.DLL
0x00007fff5c890000 - 0x00007fff5c898000 	C:\WINDOWS\System32\NSI.dll
0x00007fff4f870000 - 0x00007fff4f886000 	C:\WINDOWS\SYSTEM32\dhcpcsvc6.DLL
0x00007fff4fa90000 - 0x00007fff4faac000 	C:\WINDOWS\SYSTEM32\dhcpcsvc.DLL
0x00007fff5ac70000 - 0x00007fff5ad3a000 	C:\WINDOWS\SYSTEM32\DNSAPI.dll

VM Arguments:
jvm_args: -Xmx1536m -Dfile.encoding=windows-1252 -Duser.country=IN -Duser.language=en -Duser.variant 
java_command: org.gradle.launcher.daemon.bootstrap.GradleDaemon 5.4.1
java_class_path (initial): C:\Users\Apeksha Khandelwal\.gradle\wrapper\dists\gradle-5.4.1-all\3221gyojl5jsh0helicew7rwx\gradle-5.4.1\lib\gradle-launcher-5.4.1.jar
Launcher Type: SUN_STANDARD

Environment Variables:
PATH=C:\Program Files (x86)\Intel\Intel(R) Management Engine Components\iCLS\;C:\Program Files\Intel\Intel(R) Management Engine Components\iCLS\;C:\ProgramData\Oracle\Java\javapath;C:\WINDOWS\system32;C:\WINDOWS;C:\WINDOWS\System32\Wbem;C:\WINDOWS\System32\WindowsPowerShell\v1.0\;C:\Program Files (x86)\Intel\Intel(R) Management Engine Components\DAL;C:\Program Files\Intel\Intel(R) Management Engine Components\DAL;C:\Program Files (x86)\Intel\Intel(R) Management Engine Components\IPT;C:\Program Files\Intel\Intel(R) Management Engine Components\IPT;C:\WINDOWS\System32\OpenSSH\;C:\Program Files\dotnet\;C:\Program Files\Microsoft SQL Server\130\Tools\Binn\;C:\Users\Apeksha Khandelwal\AppData\Local\GitHubDesktop\bin;%USERPROFILE%\AppData\Local\Microsoft\WindowsApps;
USERNAME=Apeksha Khandelwal
OS=Windows_NT
PROCESSOR_IDENTIFIER=Intel64 Family 6 Model 78 Stepping 3, GenuineIntel



---------------  S Y S T E M  ---------------

OS: Windows 10.0 , 64 bit Build 18362 (10.0.18362.329)

CPU:total 4 (initial active 4) (2 cores per cpu, 2 threads per core) family 6 model 78 stepping 3, cmov, cx8, fxsr, mmx, sse, sse2, sse3, ssse3, sse4.1, sse4.2, popcnt, avx, avx2, aes, clmul, erms, 3dnowpref, lzcnt, ht, tsc, tscinvbit, bmi1, bmi2, adx

Memory: 4k page, physical 8276996k(497148k free), swap 33442820k(6712k free)

vm_info: OpenJDK 64-Bit Server VM (25.202-b03) for windows-amd64 JRE (1.8.0_202-release-1483-b03), built by "builder" with MS VC++ 10.0 (VS2010)

time: Fri Dec 27 22:06:17 2019
timezone: India Standard Time
elapsed time: 11 seconds (0d 0h 0m 11s)

